<?xml version="1.0" encoding="UTF-8"?>
<testsuite xmlns:xsi="http://www.w3.org/2001/XMLSchema-instance" xsi:schemaLocation="https://maven.apache.org/surefire/maven-surefire-plugin/xsd/surefire-test-report.xsd" name="runner.RunTest" time="31.597" tests="11" errors="0" skipped="0" failures="0">
  <properties>
    <property name="PROCESSOR_ARCHITECTURE" value="AMD64"/>
    <property name="file.encoding.pkg" value="sun.io"/>
    <property name="LOGONSERVER" value="\\GPUMDM-PTC02P"/>
    <property name="ProgramData" value="C:\ProgramData"/>
    <property name="java.home" value="D:\Java\jdk1.8.0_92\jre"/>
    <property name="NODE_NAME" value="master"/>
    <property name="JENKINS_URL" value="http://localhost:8080/"/>
    <property name="ALLUSERSPROFILE" value="C:\ProgramData"/>
    <property name="java.endorsed.dirs" value="D:\Java\jdk1.8.0_92\jre\lib\endorsed"/>
    <property name="PSModulePath" value="C:\WINDOWS\system32\WindowsPowerShell\v1.0\Modules\;C:\Program Files\Microsoft Security Client\MpProvider\;C:\Program Files (x86)\Microsoft SQL Server\110\Tools\PowerShell\Modules\"/>
    <property name="USERDOMAIN" value="PTCNET"/>
    <property name="sun.os.patch.level" value="Service Pack 1"/>
    <property name="java.vendor.url" value="http://java.oracle.com/"/>
    <property name="CommonProgramFiles(x86)" value="C:\Program Files (x86)\Common Files"/>
    <property name="java.version" value="1.8.0_92"/>
    <property name="JOB_NAME" value="WebEditor"/>
    <property name="APTINSTALLEPREFS" value="D:\Arbotext\7.1M010\lib\installprefs.acl"/>
    <property name="COMPUTERNAME" value="NSINGH2L1"/>
    <property name="windows_tracing_logfile" value="C:\BVTBin\Tests\installpackage\csilogfile.log"/>
    <property name="APTOBJCFG" value="D:\Arbotext\7.1M010\r71m010_1030\adapters\com.ptc.prowt.arbortext\bursting"/>
    <property name="java.vendor.url.bug" value="http://bugreport.sun.com/bugreport/"/>
    <property name="PUBLIC" value="D:\Users\Public"/>
    <property name="user.name" value="nsingh"/>
    <property name="sun.io.unicode.encoding" value="UnicodeLittle"/>
    <property name="sun.jnu.encoding" value="Cp1252"/>
    <property name="java.runtime.name" value="Java(TM) SE Runtime Environment"/>
    <property name="windir" value="C:\WINDOWS"/>
    <property name="PROCESSOR_IDENTIFIER" value="Intel64 Family 6 Model 78 Stepping 3, GenuineIntel"/>
    <property name="java.specification.name" value="Java Platform API Specification"/>
    <property name="LOCALAPPDATA" value="D:\Users\nsingh\AppData\Local"/>
    <property name="RUN_CHANGES_DISPLAY_URL" value="http://localhost:8080/job/WebEditor/18/display/redirect?page=changes"/>
    <property name="user.timezone" value="Asia/Calcutta"/>
    <property name="user.script" value=""/>
    <property name="path.separator" value=";"/>
    <property name="NUMBER_OF_PROCESSORS" value="4"/>
    <property name="BUILD_TAG" value="jenkins-WebEditor-18"/>
    <property name="windows_tracing_flags" value="3"/>
    <property name="file.encoding" value="Cp1252"/>
    <property name="sun.java.command" value="jenkins.maven3.agent.Maven33Main D:\Users\nsingh\Downloads\softwares\apache-maven-3.3.9 D:\Users\nsingh\.jenkins\war\WEB-INF\lib\remoting-3.4.1.jar D:\Users\nsingh\.jenkins\plugins\maven-plugin\WEB-INF\lib\maven33-interceptor-1.8.1.jar D:\Users\nsingh\.jenkins\plugins\maven-plugin\WEB-INF\lib\maven3-interceptor-commons-1.8.1.jar 57108"/>
    <property name="HUDSON_URL" value="http://localhost:8080/"/>
    <property name="JENKINS_SERVER_COOKIE" value="30dadc3b469535d3"/>
    <property name="=D:" value="D:\Users\nsingh\Downloads\softwares"/>
    <property name="EXECUTOR_NUMBER" value="0"/>
    <property name="Path" value="D:\Java\jdk1.8.0_92/bin;C:\Program Files (x86)\Integrity\ILMClient11\bin;C:\Python27\;C:\Python27\Scripts;C:\Program Files\RSA SecurID Token Common;C:\WINDOWS\system32;C:\WINDOWS;C:\WINDOWS\System32\Wbem;C:\WINDOWS\System32\WindowsPowerShell\v1.0\;C:\WINDOWS\CCM;C:\Program Files (x86)\WebEx\Productivity Tools;C:\Program Files\ServiceNow;C:\Program Files (x86)\Microsoft SQL Server\110\Tools\Binn\;C:\Program Files\Microsoft SQL Server\110\Tools\Binn\;C:\Program Files\Microsoft SQL Server\110\DTS\Binn\;C:\Program Files (x86)\Microsoft SQL Server\110\Tools\Binn\ManagementStudio\;C:\Program Files (x86)\Microsoft SQL Server\110\DTS\Binn\;%JAVA_HOME%\bin;D:\Users\nsingh\Downloads\softwares\apache-maven-3.3.9\bin;C:\Program Files\TortoiseSVN\bin;C:\Program Files\Git\cmd;C:\Program Files\PuTTY\;C:\Program Files\Calibre2\;C:\PROGRA~2\INTEGR~1\Toolkit\mksnt;D:\Users\nsingh\Downloads\geckodriver-v0.19.1-win64;C:\Program Files\nodejs\node_modules\npm\bin;D:\Java\jdk1.8.0_92\bin;C:\Program Files\Docker Toolbox;C:\Gradle\gradle-3.5\bin"/>
    <property name="java.io.tmpdir" value="D:\Users\nsingh\AppData\Local\Temp\"/>
    <property name="APPDATA" value="D:\Users\nsingh\AppData\Roaming"/>
    <property name="user.language" value="en"/>
    <property name="line.separator" value="&#10;"/>
    <property name="BUILD_URL" value="http://localhost:8080/job/WebEditor/18/"/>
    <property name="M2_HOME" value="D:\Users\nsingh\Downloads\softwares\apache-maven-3.3.9"/>
    <property name="java.vm.info" value="mixed mode"/>
    <property name="sun.desktop" value="windows"/>
    <property name="java.vm.specification.name" value="Java Virtual Machine Specification"/>
    <property name="BUILD_DISPLAY_NAME" value="#18"/>
    <property name="OS" value="Windows_NT"/>
    <property name="guice.disable.misplaced.annotation.check" value="true"/>
    <property name="HUDSON_SERVER_COOKIE" value="30dadc3b469535d3"/>
    <property name="MAVEN_HOME" value="D:\Users\nsingh\Downloads\softwares\apache-maven-3.3.9"/>
    <property name="SESSIONNAME" value="Console"/>
    <property name="PATHEXT" value=".COM;.EXE;.BAT;.CMD;.VBS;.VBE;.JS;.JSE;.WSF;.WSH;.MSC;.sh;.ksh;.csh;.sed;.awk;.pl"/>
    <property name="java.awt.printerjob" value="sun.awt.windows.WPrinterJob"/>
    <property name="maven3.interceptor.common" value="D:\Users\nsingh\.jenkins\plugins\maven-plugin\WEB-INF\lib\maven3-interceptor-commons-1.8.1.jar"/>
    <property name="CLASSPATH" value=""/>
    <property name="HOMEPATH" value="\Users\nsingh"/>
    <property name="TMPDIR" value="D:/Users/nsingh/AppData/Local/Temp"/>
    <property name="os.name" value="Windows 7"/>
    <property name="java.specification.vendor" value="Oracle Corporation"/>
    <property name="FP_NO_HOST_CHECK" value="NO"/>
    <property name="java.vm.name" value="Java HotSpot(TM) 64-Bit Server VM"/>
    <property name="BUILD_NUMBER" value="18"/>
    <property name="maven3.interceptor" value="D:\Users\nsingh\.jenkins\plugins\maven-plugin\WEB-INF\lib\maven33-interceptor-1.8.1.jar"/>
    <property name="java.library.path" value="D:\Java\jdk1.8.0_92\bin;C:\WINDOWS\Sun\Java\bin;C:\WINDOWS\system32;C:\WINDOWS;D:\Users\nsingh\Downloads\softwares\apache-maven-3.3.9/bin;D:\Java\jdk1.8.0_92/bin;D:\Java\jdk1.8.0_92/bin;C:\Program Files (x86)\Integrity\ILMClient11\bin;C:\Python27\;C:\Python27\Scripts;C:\Program Files\RSA SecurID Token Common;C:\WINDOWS\system32;C:\WINDOWS;C:\WINDOWS\System32\Wbem;C:\WINDOWS\System32\WindowsPowerShell\v1.0\;C:\WINDOWS\CCM;C:\Program Files (x86)\WebEx\Productivity Tools;C:\Program Files\ServiceNow;C:\Program Files (x86)\Microsoft SQL Server\110\Tools\Binn\;C:\Program Files\Microsoft SQL Server\110\Tools\Binn\;C:\Program Files\Microsoft SQL Server\110\DTS\Binn\;C:\Program Files (x86)\Microsoft SQL Server\110\Tools\Binn\ManagementStudio\;C:\Program Files (x86)\Microsoft SQL Server\110\DTS\Binn\;%JAVA_HOME%\bin;D:\Users\nsingh\Downloads\softwares\apache-maven-3.3.9\bin;C:\Program Files\TortoiseSVN\bin;C:\Program Files\Git\cmd;C:\Program Files\PuTTY\;C:\Program Files\Calibre2\;C:\PROGRA~2\INTEGR~1\Toolkit\mksnt;D:\Users\nsingh\Downloads\geckodriver-v0.19.1-win64;C:\Program Files\nodejs\node_modules\npm\bin;D:\Java\jdk1.8.0_92\bin;C:\Program Files\Docker Toolbox;C:\Gradle\gradle-3.5\bin;."/>
    <property name="HOMEDRIVE" value="D:"/>
    <property name="POM_GROUPID" value="WebEditor"/>
    <property name="POM_ARTIFACTID" value="WebEditor"/>
    <property name="java.class.version" value="52.0"/>
    <property name="JOB_URL" value="http://localhost:8080/job/WebEditor/"/>
    <property name="OneDrive" value="D:\Users\nsingh\OneDrive"/>
    <property name="RUN_DISPLAY_URL" value="http://localhost:8080/job/WebEditor/18/display/redirect"/>
    <property name="VBOX_MSI_INSTALL_PATH" value="C:\Program Files\Oracle\VirtualBox\"/>
    <property name="JENKINS_HOME" value="D:\Users\nsingh\.jenkins"/>
    <property name="BUILD_ID" value="18"/>
    <property name="TEMP" value="D:\Users\nsingh\AppData\Local\Temp"/>
    <property name="sun.boot.library.path" value="D:\Java\jdk1.8.0_92\jre\bin"/>
    <property name="sun.management.compiler" value="HotSpot 64-Bit Tiered Compilers"/>
    <property name="java.awt.graphicsenv" value="sun.awt.Win32GraphicsEnvironment"/>
    <property name="user.variant" value=""/>
    <property name="PROCESSOR_REVISION" value="4e03"/>
    <property name="POM_VERSION" value="0.0.1-SNAPSHOT"/>
    <property name="HUDSON_HOME" value="D:\Users\nsingh\.jenkins"/>
    <property name="ProgramFiles(x86)" value="C:\Program Files (x86)"/>
    <property name="PATH+MAVEN" value="D:\Users\nsingh\Downloads\softwares\apache-maven-3.3.9/bin"/>
    <property name="PROMPT" value="C&amp;#8;L&amp;#8;I&amp;#8;N&amp;#8;K&amp;#8; &amp;#8;$P$G"/>
    <property name="java.vm.specification.version" value="1.8"/>
    <property name="JAVA_HOME" value="D:\Java\jdk1.8.0_92"/>
    <property name="PRO_LANG" value="en-us"/>
    <property name="Pythonpath" value="C:\Python27\;C:\Python27\Scripts;"/>
    <property name="awt.toolkit" value="sun.awt.windows.WToolkit"/>
    <property name="NODE_LABELS" value="master"/>
    <property name="sun.cpu.isalist" value="amd64"/>
    <property name="USERPROFILE" value="D:\Users\nsingh"/>
    <property name="JOB_DISPLAY_URL" value="http://localhost:8080/job/WebEditor/display/redirect"/>
    <property name="java.ext.dirs" value="D:\Java\jdk1.8.0_92\jre\lib\ext;C:\WINDOWS\Sun\Java\lib\ext"/>
    <property name="os.version" value="6.1"/>
    <property name="ROOTDIR" value="C:/PROGRA~2/INTEGR~1/Toolkit"/>
    <property name="user.home" value="D:\Users\nsingh"/>
    <property name="USERNAME" value="nsingh"/>
    <property name="java.vm.vendor" value="Oracle Corporation"/>
    <property name="ARBORTEXT_CMD" value="D:\Arbotext\7.1M010\r71m010_1030\bin\x64\editor.exe"/>
    <property name="PROCESSOR_LEVEL" value="6"/>
    <property name="USERDNSDOMAIN" value="PTCNET.PTC.COM"/>
    <property name="CommonProgramW6432" value="C:\Program Files\Common Files"/>
    <property name="user.dir" value="D:\WebEditorAutomation\WebEditor"/>
    <property name="ProgramW6432" value="C:\Program Files"/>
    <property name="PTC_D_LICENSE_FILE" value="7788@goodbye.ptc.com "/>
    <property name="TMP" value="D:\Users\nsingh\AppData\Local\Temp"/>
    <property name="UATDATA" value="C:\WINDOWS\CCM\UATData\D9F8C395-CAB8-491d-B8AC-179A1FE1BE77"/>
    <property name="DOCKER_TOOLBOX_INSTALL_PATH" value="C:\Program Files\Docker Toolbox"/>
    <property name="sun.cpu.endian" value="little"/>
    <property name="MAN_CHM_INDEX" value="C:/PROGRA~2/INTEGR~1/Toolkit/etc/chm/tkutil.idx;C:/PROGRA~2/INTEGR~1/Toolkit/etc/chm/tkapi.idx;C:/PROGRA~2/INTEGR~1/Toolkit/etc/chm/tcltk.idx;C:/PROGRA~2/INTEGR~1/Toolkit/etc/chm/tkcurses.idx;C:/Program Files (x86)/Integrity/ILMClient11/etc/isman.idx"/>
    <property name="SystemDrive" value="C:"/>
    <property name="java.vm.version" value="25.92-b14"/>
    <property name="java.class.path" value="D:\Users\nsingh\.jenkins\plugins\maven-plugin\WEB-INF\lib\maven33-agent-1.8.1.jar;D:\Users\nsingh\Downloads\softwares\apache-maven-3.3.9\boot\plexus-classworlds-2.5.2.jar;D:\Users\nsingh\Downloads\softwares\apache-maven-3.3.9/conf/logging"/>
    <property name="org.slf4j.simpleLogger.defaultLogLevel" value="info"/>
    <property name="MAN_HTM_PATHS" value="C:/PROGRA~2/INTEGR~1/Toolkit/etc/htm/perl;C:/PROGRA~2/INTEGR~1/Toolkit/etc/htm/perl/pod;C:/PROGRA~2/INTEGR~1/Toolkit/etc/htm/perl/ext;C:/PROGRA~2/INTEGR~1/Toolkit/etc/htm/perl/lib"/>
    <property name="os.arch" value="amd64"/>
    <property name="CLINK_DIR" value="C:\Program Files (x86)\clink\0.4.8"/>
    <property name="WORKSPACE" value="D:\Users\nsingh\.jenkins\jobs\WebEditor\workspace"/>
    <property name="ComSpec" value="C:\WINDOWS\system32\cmd.exe"/>
    <property name="sun.java.launcher" value="SUN_STANDARD"/>
    <property name="SystemRoot" value="C:\WINDOWS"/>
    <property name="CommonProgramFiles" value="C:\Program Files\Common Files"/>
    <property name="java.vm.specification.vendor" value="Oracle Corporation"/>
    <property name="file.separator" value="\"/>
    <property name="java.runtime.version" value="1.8.0_92-b14"/>
    <property name="ProgramFiles" value="C:\Program Files"/>
    <property name="sun.boot.class.path" value="D:\Java\jdk1.8.0_92\jre\lib\resources.jar;D:\Java\jdk1.8.0_92\jre\lib\rt.jar;D:\Java\jdk1.8.0_92\jre\lib\sunrsasign.jar;D:\Java\jdk1.8.0_92\jre\lib\jsse.jar;D:\Java\jdk1.8.0_92\jre\lib\jce.jar;D:\Java\jdk1.8.0_92\jre\lib\charsets.jar;D:\Java\jdk1.8.0_92\jre\lib\jfr.jar;D:\Java\jdk1.8.0_92\jre\classes"/>
    <property name="PATH+JDK" value="D:\Java\jdk1.8.0_92/bin"/>
    <property name="=ExitCode" value="00000000"/>
    <property name="user.country" value="IN"/>
    <property name="POM_PACKAGING" value="jar"/>
    <property name="maven.home" value="D:\Users\nsingh\Downloads\softwares\apache-maven-3.3.9"/>
    <property name="JOB_BASE_NAME" value="WebEditor"/>
    <property name="MAN_TXT_INDEX" value="C:/PROGRA~2/INTEGR~1/Toolkit/etc/tkutil.idx;C:/PROGRA~2/INTEGR~1/Toolkit/etc/tkapi.idx;C:/PROGRA~2/INTEGR~1/Toolkit/etc/tcltk.idx;C:/PROGRA~2/INTEGR~1/Toolkit/etc/tkcurses.idx;C:/Program Files (x86)/Integrity/ILMClient11/etc/isman.idx"/>
    <property name="HOME" value="D:\Users\nsingh"/>
    <property name="java.vendor" value="Oracle Corporation"/>
    <property name="APTWCCFGFILE" value="D:\Arbotext\7.1M010\r71m010_1030\adapters\com.ptc.prowt.arbortext\userprefs.xml"/>
    <property name="POM_DISPLAYNAME" value="WebEditor"/>
    <property name="java.specification.version" value="1.8"/>
    <property name="sun.arch.data.model" value="64"/>
  </properties>
  <testcase name="Given web editor page is open" classname="Scenario: Verify listitems count" time="0.001"/>
  <testcase name="Given list item count match on Documentpage with DocumnetMap" classname="Scenario: Verify listitems count" time="0"/>
  <testcase name="Scenario: Verify listitems count" classname="Scenario: Verify listitems count" time="0.424"/>
  <testcase name="Given web editor page is open" classname="| Why doesn’t my World Car change gears? |" time="0"/>
  <testcase name="When select Why doesn’t my World Car change gears? in EditorPage" classname="| Why doesn’t my World Car change gears? |" time="0"/>
  <testcase name="Then corresponding tag should highlighted" classname="| Why doesn’t my World Car change gears? |" time="0"/>
  <testcase name="| Why doesn’t my World Car change gears? |" classname="| Why doesn’t my World Car change gears? |" time="0.35"/>
  <testcase name="Given web editor page is open" classname="Scenario: perform add row functionality in table" time="0"/>
  <testcase name="When table is exist on page" classname="Scenario: perform add row functionality in table" time="0"/>
  <testcase name="Then perform add row functionality" classname="Scenario: perform add row functionality in table" time="0"/>
  <testcase name="Scenario: perform add row functionality in table" classname="Scenario: perform add row functionality in table" time="0.308"/>
</testsuite>